<?xml version="1.0" encoding="UTF-8"?>
<testsuite name="com.advsdc.group2.model.UserListTest" tests="1" skipped="0" failures="0" errors="0" timestamp="2020-06-04T17:15:38" hostname="ADMIN" time="0.011">
  <properties/>
  <testcase name="setUserList()" classname="com.advsdc.group2.model.UserListTest" time="0.011"/>
  <system-out><![CDATA[2020-06-04 14:15:38.579  INFO 9572 --- [    Test worker] .b.t.c.SpringBootTestContextBootstrapper : Neither @ContextConfiguration nor @ContextHierarchy found for test class [com.advsdc.group2.model.UserListTest], using SpringBootContextLoader
2020-06-04 14:15:38.580  INFO 9572 --- [    Test worker] o.s.t.c.support.AbstractContextLoader    : Could not detect default resource locations for test class [com.advsdc.group2.model.UserListTest]: no resource found for suffixes {-context.xml, Context.groovy}.
2020-06-04 14:15:38.581  INFO 9572 --- [    Test worker] t.c.s.AnnotationConfigContextLoaderUtils : Could not detect default configuration classes for test class [com.advsdc.group2.model.UserListTest]: UserListTest does not declare any static, non-private, non-final, nested classes annotated with @Configuration.
2020-06-04 14:15:38.583  INFO 9572 --- [    Test worker] .b.t.c.SpringBootTestContextBootstrapper : Found @SpringBootConfiguration com.advsdc.group2.Group2Application for test class com.advsdc.group2.model.UserListTest
2020-06-04 14:15:38.586  INFO 9572 --- [    Test worker] .b.t.c.SpringBootTestContextBootstrapper : Loaded default TestExecutionListener class names from location [META-INF/spring.factories]: [org.springframework.boot.test.autoconfigure.restdocs.RestDocsTestExecutionListener, org.springframework.boot.test.autoconfigure.web.client.MockRestServiceServerResetTestExecutionListener, org.springframework.boot.test.autoconfigure.web.servlet.MockMvcPrintOnlyOnFailureTestExecutionListener, org.springframework.boot.test.autoconfigure.web.servlet.WebDriverTestExecutionListener, org.springframework.boot.test.autoconfigure.webservices.client.MockWebServiceServerTestExecutionListener, org.springframework.boot.test.mock.mockito.MockitoTestExecutionListener, org.springframework.boot.test.mock.mockito.ResetMocksTestExecutionListener, org.springframework.security.test.context.support.WithSecurityContextTestExecutionListener, org.springframework.security.test.context.support.ReactorContextTestExecutionListener, org.springframework.test.context.web.ServletTestExecutionListener, org.springframework.test.context.support.DirtiesContextBeforeModesTestExecutionListener, org.springframework.test.context.support.DependencyInjectionTestExecutionListener, org.springframework.test.context.support.DirtiesContextTestExecutionListener, org.springframework.test.context.transaction.TransactionalTestExecutionListener, org.springframework.test.context.jdbc.SqlScriptsTestExecutionListener, org.springframework.test.context.event.EventPublishingTestExecutionListener]
2020-06-04 14:15:38.589  INFO 9572 --- [    Test worker] .b.t.c.SpringBootTestContextBootstrapper : Using TestExecutionListeners: [org.springframework.test.context.web.ServletTestExecutionListener@6634c0e7, org.springframework.test.context.support.DirtiesContextBeforeModesTestExecutionListener@1eabc0e9, org.springframework.boot.test.mock.mockito.MockitoTestExecutionListener@38f535df, org.springframework.boot.test.autoconfigure.SpringBootDependencyInjectionTestExecutionListener@1b421688, org.springframework.test.context.support.DirtiesContextTestExecutionListener@5bb1ceff, org.springframework.security.test.context.support.WithSecurityContextTestExecutionListener@1bdde1e8, org.springframework.test.context.event.EventPublishingTestExecutionListener@a176481, org.springframework.security.test.context.support.ReactorContextTestExecutionListener@16ac51d, org.springframework.boot.test.autoconfigure.restdocs.RestDocsTestExecutionListener@547925f9, org.springframework.boot.test.autoconfigure.web.client.MockRestServiceServerResetTestExecutionListener@20df5c3f, org.springframework.boot.test.autoconfigure.web.servlet.MockMvcPrintOnlyOnFailureTestExecutionListener@115d07c9, org.springframework.boot.test.autoconfigure.web.servlet.WebDriverTestExecutionListener@46c87ad2, org.springframework.boot.test.autoconfigure.webservices.client.MockWebServiceServerTestExecutionListener@5b03c91f, org.springframework.boot.test.mock.mockito.ResetMocksTestExecutionListener@1e748e4]
]]></system-out>
  <system-err><![CDATA[]]></system-err>
</testsuite>
