<?xml version="1.0" encoding="UTF-8"?>
<testsuite name="com.advsdc.group2.model.CourseMessageModelTest" tests="4" skipped="0" failures="0" errors="0" timestamp="2020-06-04T18:31:06" hostname="ADMIN" time="0.047">
  <properties/>
  <testcase name="setCourseLst()" classname="com.advsdc.group2.model.CourseMessageModelTest" time="0.017"/>
  <testcase name="setMessage()" classname="com.advsdc.group2.model.CourseMessageModelTest" time="0.008"/>
  <testcase name="getCourseLst()" classname="com.advsdc.group2.model.CourseMessageModelTest" time="0.005"/>
  <testcase name="getMessage()" classname="com.advsdc.group2.model.CourseMessageModelTest" time="0.013"/>
  <system-out><![CDATA[2020-06-04 15:31:06.447  INFO 8352 --- [    Test worker] .b.t.c.SpringBootTestContextBootstrapper : Neither @ContextConfiguration nor @ContextHierarchy found for test class [com.advsdc.group2.model.CourseMessageModelTest], using SpringBootContextLoader
2020-06-04 15:31:06.451  INFO 8352 --- [    Test worker] o.s.t.c.support.AbstractContextLoader    : Could not detect default resource locations for test class [com.advsdc.group2.model.CourseMessageModelTest]: no resource found for suffixes {-context.xml, Context.groovy}.
2020-06-04 15:31:06.451  INFO 8352 --- [    Test worker] t.c.s.AnnotationConfigContextLoaderUtils : Could not detect default configuration classes for test class [com.advsdc.group2.model.CourseMessageModelTest]: CourseMessageModelTest does not declare any static, non-private, non-final, nested classes annotated with @Configuration.
2020-06-04 15:31:06.485  INFO 8352 --- [    Test worker] .b.t.c.SpringBootTestContextBootstrapper : Found @SpringBootConfiguration com.advsdc.group2.Group2Application for test class com.advsdc.group2.model.CourseMessageModelTest
2020-06-04 15:31:06.489  INFO 8352 --- [    Test worker] .b.t.c.SpringBootTestContextBootstrapper : Loaded default TestExecutionListener class names from location [META-INF/spring.factories]: [org.springframework.boot.test.autoconfigure.restdocs.RestDocsTestExecutionListener, org.springframework.boot.test.autoconfigure.web.client.MockRestServiceServerResetTestExecutionListener, org.springframework.boot.test.autoconfigure.web.servlet.MockMvcPrintOnlyOnFailureTestExecutionListener, org.springframework.boot.test.autoconfigure.web.servlet.WebDriverTestExecutionListener, org.springframework.boot.test.autoconfigure.webservices.client.MockWebServiceServerTestExecutionListener, org.springframework.boot.test.mock.mockito.MockitoTestExecutionListener, org.springframework.boot.test.mock.mockito.ResetMocksTestExecutionListener, org.springframework.security.test.context.support.WithSecurityContextTestExecutionListener, org.springframework.security.test.context.support.ReactorContextTestExecutionListener, org.springframework.test.context.web.ServletTestExecutionListener, org.springframework.test.context.support.DirtiesContextBeforeModesTestExecutionListener, org.springframework.test.context.support.DependencyInjectionTestExecutionListener, org.springframework.test.context.support.DirtiesContextTestExecutionListener, org.springframework.test.context.transaction.TransactionalTestExecutionListener, org.springframework.test.context.jdbc.SqlScriptsTestExecutionListener, org.springframework.test.context.event.EventPublishingTestExecutionListener]
2020-06-04 15:31:06.493  INFO 8352 --- [    Test worker] .b.t.c.SpringBootTestContextBootstrapper : Using TestExecutionListeners: [org.springframework.test.context.web.ServletTestExecutionListener@5c828672, org.springframework.test.context.support.DirtiesContextBeforeModesTestExecutionListener@70e22d47, org.springframework.boot.test.mock.mockito.MockitoTestExecutionListener@73d32c1, org.springframework.boot.test.autoconfigure.SpringBootDependencyInjectionTestExecutionListener@1d3c5df7, org.springframework.test.context.support.DirtiesContextTestExecutionListener@55c5e934, org.springframework.security.test.context.support.WithSecurityContextTestExecutionListener@34ac6ede, org.springframework.test.context.event.EventPublishingTestExecutionListener@5a69f9b0, org.springframework.security.test.context.support.ReactorContextTestExecutionListener@25c5c4ef, org.springframework.boot.test.autoconfigure.restdocs.RestDocsTestExecutionListener@5fb3052a, org.springframework.boot.test.autoconfigure.web.client.MockRestServiceServerResetTestExecutionListener@83e5a9c, org.springframework.boot.test.autoconfigure.web.servlet.MockMvcPrintOnlyOnFailureTestExecutionListener@1d8f9652, org.springframework.boot.test.autoconfigure.web.servlet.WebDriverTestExecutionListener@1666dbb0, org.springframework.boot.test.autoconfigure.webservices.client.MockWebServiceServerTestExecutionListener@51bb0603, org.springframework.boot.test.mock.mockito.ResetMocksTestExecutionListener@2b2b4c12]
]]></system-out>
  <system-err><![CDATA[]]></system-err>
</testsuite>
