<?xml version="1.0" encoding="UTF-8"?>
<testsuite name="com.advsdc.group2.model.UserListTest" tests="1" skipped="0" failures="0" errors="0" timestamp="2020-06-04T18:31:06" hostname="ADMIN" time="0.012">
  <properties/>
  <testcase name="setUserList()" classname="com.advsdc.group2.model.UserListTest" time="0.012"/>
  <system-out><![CDATA[2020-06-04 15:31:06.694  INFO 8352 --- [    Test worker] .b.t.c.SpringBootTestContextBootstrapper : Neither @ContextConfiguration nor @ContextHierarchy found for test class [com.advsdc.group2.model.UserListTest], using SpringBootContextLoader
2020-06-04 15:31:06.696  INFO 8352 --- [    Test worker] o.s.t.c.support.AbstractContextLoader    : Could not detect default resource locations for test class [com.advsdc.group2.model.UserListTest]: no resource found for suffixes {-context.xml, Context.groovy}.
2020-06-04 15:31:06.698  INFO 8352 --- [    Test worker] t.c.s.AnnotationConfigContextLoaderUtils : Could not detect default configuration classes for test class [com.advsdc.group2.model.UserListTest]: UserListTest does not declare any static, non-private, non-final, nested classes annotated with @Configuration.
2020-06-04 15:31:06.705  INFO 8352 --- [    Test worker] .b.t.c.SpringBootTestContextBootstrapper : Found @SpringBootConfiguration com.advsdc.group2.Group2Application for test class com.advsdc.group2.model.UserListTest
2020-06-04 15:31:06.714  INFO 8352 --- [    Test worker] .b.t.c.SpringBootTestContextBootstrapper : Loaded default TestExecutionListener class names from location [META-INF/spring.factories]: [org.springframework.boot.test.autoconfigure.restdocs.RestDocsTestExecutionListener, org.springframework.boot.test.autoconfigure.web.client.MockRestServiceServerResetTestExecutionListener, org.springframework.boot.test.autoconfigure.web.servlet.MockMvcPrintOnlyOnFailureTestExecutionListener, org.springframework.boot.test.autoconfigure.web.servlet.WebDriverTestExecutionListener, org.springframework.boot.test.autoconfigure.webservices.client.MockWebServiceServerTestExecutionListener, org.springframework.boot.test.mock.mockito.MockitoTestExecutionListener, org.springframework.boot.test.mock.mockito.ResetMocksTestExecutionListener, org.springframework.security.test.context.support.WithSecurityContextTestExecutionListener, org.springframework.security.test.context.support.ReactorContextTestExecutionListener, org.springframework.test.context.web.ServletTestExecutionListener, org.springframework.test.context.support.DirtiesContextBeforeModesTestExecutionListener, org.springframework.test.context.support.DependencyInjectionTestExecutionListener, org.springframework.test.context.support.DirtiesContextTestExecutionListener, org.springframework.test.context.transaction.TransactionalTestExecutionListener, org.springframework.test.context.jdbc.SqlScriptsTestExecutionListener, org.springframework.test.context.event.EventPublishingTestExecutionListener]
2020-06-04 15:31:06.719  INFO 8352 --- [    Test worker] .b.t.c.SpringBootTestContextBootstrapper : Using TestExecutionListeners: [org.springframework.test.context.web.ServletTestExecutionListener@4e9046c0, org.springframework.test.context.support.DirtiesContextBeforeModesTestExecutionListener@1c54157b, org.springframework.boot.test.mock.mockito.MockitoTestExecutionListener@7a3788a4, org.springframework.boot.test.autoconfigure.SpringBootDependencyInjectionTestExecutionListener@761ab565, org.springframework.test.context.support.DirtiesContextTestExecutionListener@3af04b20, org.springframework.security.test.context.support.WithSecurityContextTestExecutionListener@6336ec8, org.springframework.test.context.event.EventPublishingTestExecutionListener@4007a402, org.springframework.security.test.context.support.ReactorContextTestExecutionListener@639590fa, org.springframework.boot.test.autoconfigure.restdocs.RestDocsTestExecutionListener@5b046ee3, org.springframework.boot.test.autoconfigure.web.client.MockRestServiceServerResetTestExecutionListener@465c1e65, org.springframework.boot.test.autoconfigure.web.servlet.MockMvcPrintOnlyOnFailureTestExecutionListener@3b869518, org.springframework.boot.test.autoconfigure.web.servlet.WebDriverTestExecutionListener@74dbc0d2, org.springframework.boot.test.autoconfigure.webservices.client.MockWebServiceServerTestExecutionListener@c50cbdc, org.springframework.boot.test.mock.mockito.ResetMocksTestExecutionListener@2ad94305]
]]></system-out>
  <system-err><![CDATA[]]></system-err>
</testsuite>
