<?xml version="1.0" encoding="UTF-8"?>
<testsuite name="com.advsdc.group2.model.CourseUserMapTest" tests="2" skipped="0" failures="0" errors="0" timestamp="2020-06-04T17:15:38" hostname="ADMIN" time="0.015">
  <properties/>
  <testcase name="setMessage()" classname="com.advsdc.group2.model.CourseUserMapTest" time="0.005"/>
  <testcase name="getMessage()" classname="com.advsdc.group2.model.CourseUserMapTest" time="0.007"/>
  <system-out><![CDATA[2020-06-04 14:15:38.529  INFO 9572 --- [    Test worker] .b.t.c.SpringBootTestContextBootstrapper : Neither @ContextConfiguration nor @ContextHierarchy found for test class [com.advsdc.group2.model.CourseUserMapTest], using SpringBootContextLoader
2020-06-04 14:15:38.535  INFO 9572 --- [    Test worker] o.s.t.c.support.AbstractContextLoader    : Could not detect default resource locations for test class [com.advsdc.group2.model.CourseUserMapTest]: no resource found for suffixes {-context.xml, Context.groovy}.
2020-06-04 14:15:38.539  INFO 9572 --- [    Test worker] t.c.s.AnnotationConfigContextLoaderUtils : Could not detect default configuration classes for test class [com.advsdc.group2.model.CourseUserMapTest]: CourseUserMapTest does not declare any static, non-private, non-final, nested classes annotated with @Configuration.
2020-06-04 14:15:38.541  INFO 9572 --- [    Test worker] .b.t.c.SpringBootTestContextBootstrapper : Found @SpringBootConfiguration com.advsdc.group2.Group2Application for test class com.advsdc.group2.model.CourseUserMapTest
2020-06-04 14:15:38.543  INFO 9572 --- [    Test worker] .b.t.c.SpringBootTestContextBootstrapper : Loaded default TestExecutionListener class names from location [META-INF/spring.factories]: [org.springframework.boot.test.autoconfigure.restdocs.RestDocsTestExecutionListener, org.springframework.boot.test.autoconfigure.web.client.MockRestServiceServerResetTestExecutionListener, org.springframework.boot.test.autoconfigure.web.servlet.MockMvcPrintOnlyOnFailureTestExecutionListener, org.springframework.boot.test.autoconfigure.web.servlet.WebDriverTestExecutionListener, org.springframework.boot.test.autoconfigure.webservices.client.MockWebServiceServerTestExecutionListener, org.springframework.boot.test.mock.mockito.MockitoTestExecutionListener, org.springframework.boot.test.mock.mockito.ResetMocksTestExecutionListener, org.springframework.security.test.context.support.WithSecurityContextTestExecutionListener, org.springframework.security.test.context.support.ReactorContextTestExecutionListener, org.springframework.test.context.web.ServletTestExecutionListener, org.springframework.test.context.support.DirtiesContextBeforeModesTestExecutionListener, org.springframework.test.context.support.DependencyInjectionTestExecutionListener, org.springframework.test.context.support.DirtiesContextTestExecutionListener, org.springframework.test.context.transaction.TransactionalTestExecutionListener, org.springframework.test.context.jdbc.SqlScriptsTestExecutionListener, org.springframework.test.context.event.EventPublishingTestExecutionListener]
2020-06-04 14:15:38.545  INFO 9572 --- [    Test worker] .b.t.c.SpringBootTestContextBootstrapper : Using TestExecutionListeners: [org.springframework.test.context.web.ServletTestExecutionListener@5b39c4c8, org.springframework.test.context.support.DirtiesContextBeforeModesTestExecutionListener@2c5fe3d7, org.springframework.boot.test.mock.mockito.MockitoTestExecutionListener@6392e9bb, org.springframework.boot.test.autoconfigure.SpringBootDependencyInjectionTestExecutionListener@469cf3cd, org.springframework.test.context.support.DirtiesContextTestExecutionListener@53967052, org.springframework.security.test.context.support.WithSecurityContextTestExecutionListener@470ac, org.springframework.test.context.event.EventPublishingTestExecutionListener@74af9e26, org.springframework.security.test.context.support.ReactorContextTestExecutionListener@558c09e5, org.springframework.boot.test.autoconfigure.restdocs.RestDocsTestExecutionListener@35f8f7e6, org.springframework.boot.test.autoconfigure.web.client.MockRestServiceServerResetTestExecutionListener@165a60e5, org.springframework.boot.test.autoconfigure.web.servlet.MockMvcPrintOnlyOnFailureTestExecutionListener@1e0c92a6, org.springframework.boot.test.autoconfigure.web.servlet.WebDriverTestExecutionListener@2bfa73a3, org.springframework.boot.test.autoconfigure.webservices.client.MockWebServiceServerTestExecutionListener@594ff6fd, org.springframework.boot.test.mock.mockito.ResetMocksTestExecutionListener@1cd7f879]
]]></system-out>
  <system-err><![CDATA[]]></system-err>
</testsuite>
