<?xml version="1.0" encoding="UTF-8"?>
<testsuite name="com.advsdc.group2.model.CourseMessageModelTest" tests="4" skipped="0" failures="0" errors="0" timestamp="2020-06-04T17:15:38" hostname="ADMIN" time="0.04">
  <properties/>
  <testcase name="setCourseLst()" classname="com.advsdc.group2.model.CourseMessageModelTest" time="0.008"/>
  <testcase name="setMessage()" classname="com.advsdc.group2.model.CourseMessageModelTest" time="0.006"/>
  <testcase name="getCourseLst()" classname="com.advsdc.group2.model.CourseMessageModelTest" time="0.006"/>
  <testcase name="getMessage()" classname="com.advsdc.group2.model.CourseMessageModelTest" time="0.01"/>
  <system-out><![CDATA[2020-06-04 14:15:38.340  INFO 9572 --- [    Test worker] .b.t.c.SpringBootTestContextBootstrapper : Neither @ContextConfiguration nor @ContextHierarchy found for test class [com.advsdc.group2.model.CourseMessageModelTest], using SpringBootContextLoader
2020-06-04 14:15:38.342  INFO 9572 --- [    Test worker] o.s.t.c.support.AbstractContextLoader    : Could not detect default resource locations for test class [com.advsdc.group2.model.CourseMessageModelTest]: no resource found for suffixes {-context.xml, Context.groovy}.
2020-06-04 14:15:38.342  INFO 9572 --- [    Test worker] t.c.s.AnnotationConfigContextLoaderUtils : Could not detect default configuration classes for test class [com.advsdc.group2.model.CourseMessageModelTest]: CourseMessageModelTest does not declare any static, non-private, non-final, nested classes annotated with @Configuration.
2020-06-04 14:15:38.369  INFO 9572 --- [    Test worker] .b.t.c.SpringBootTestContextBootstrapper : Found @SpringBootConfiguration com.advsdc.group2.Group2Application for test class com.advsdc.group2.model.CourseMessageModelTest
2020-06-04 14:15:38.373  INFO 9572 --- [    Test worker] .b.t.c.SpringBootTestContextBootstrapper : Loaded default TestExecutionListener class names from location [META-INF/spring.factories]: [org.springframework.boot.test.autoconfigure.restdocs.RestDocsTestExecutionListener, org.springframework.boot.test.autoconfigure.web.client.MockRestServiceServerResetTestExecutionListener, org.springframework.boot.test.autoconfigure.web.servlet.MockMvcPrintOnlyOnFailureTestExecutionListener, org.springframework.boot.test.autoconfigure.web.servlet.WebDriverTestExecutionListener, org.springframework.boot.test.autoconfigure.webservices.client.MockWebServiceServerTestExecutionListener, org.springframework.boot.test.mock.mockito.MockitoTestExecutionListener, org.springframework.boot.test.mock.mockito.ResetMocksTestExecutionListener, org.springframework.security.test.context.support.WithSecurityContextTestExecutionListener, org.springframework.security.test.context.support.ReactorContextTestExecutionListener, org.springframework.test.context.web.ServletTestExecutionListener, org.springframework.test.context.support.DirtiesContextBeforeModesTestExecutionListener, org.springframework.test.context.support.DependencyInjectionTestExecutionListener, org.springframework.test.context.support.DirtiesContextTestExecutionListener, org.springframework.test.context.transaction.TransactionalTestExecutionListener, org.springframework.test.context.jdbc.SqlScriptsTestExecutionListener, org.springframework.test.context.event.EventPublishingTestExecutionListener]
2020-06-04 14:15:38.376  INFO 9572 --- [    Test worker] .b.t.c.SpringBootTestContextBootstrapper : Using TestExecutionListeners: [org.springframework.test.context.web.ServletTestExecutionListener@392f19d7, org.springframework.test.context.support.DirtiesContextBeforeModesTestExecutionListener@183f9e17, org.springframework.boot.test.mock.mockito.MockitoTestExecutionListener@5edea7c4, org.springframework.boot.test.autoconfigure.SpringBootDependencyInjectionTestExecutionListener@5c2b5a58, org.springframework.test.context.support.DirtiesContextTestExecutionListener@1d8b11ab, org.springframework.security.test.context.support.WithSecurityContextTestExecutionListener@79a0fb2b, org.springframework.test.context.event.EventPublishingTestExecutionListener@52eb835c, org.springframework.security.test.context.support.ReactorContextTestExecutionListener@5414eac3, org.springframework.boot.test.autoconfigure.restdocs.RestDocsTestExecutionListener@1157afa3, org.springframework.boot.test.autoconfigure.web.client.MockRestServiceServerResetTestExecutionListener@6fd07701, org.springframework.boot.test.autoconfigure.web.servlet.MockMvcPrintOnlyOnFailureTestExecutionListener@612ff8c4, org.springframework.boot.test.autoconfigure.web.servlet.WebDriverTestExecutionListener@129e54d0, org.springframework.boot.test.autoconfigure.webservices.client.MockWebServiceServerTestExecutionListener@3e18cb97, org.springframework.boot.test.mock.mockito.ResetMocksTestExecutionListener@521ccb2a]
]]></system-out>
  <system-err><![CDATA[]]></system-err>
</testsuite>
