<?xml version="1.0" encoding="UTF-8"?>
<testsuite name="com.advsdc.group2.model.CourseTest" tests="6" skipped="0" failures="0" errors="0" timestamp="2020-06-04T17:15:38" hostname="ADMIN" time="0.064">
  <properties/>
  <testcase name="getCourseName()" classname="com.advsdc.group2.model.CourseTest" time="0.008"/>
  <testcase name="setCourseName()" classname="com.advsdc.group2.model.CourseTest" time="0.016"/>
  <testcase name="setCourseDescription()" classname="com.advsdc.group2.model.CourseTest" time="0.005"/>
  <testcase name="getCourseDescription()" classname="com.advsdc.group2.model.CourseTest" time="0.004"/>
  <testcase name="setCourseId()" classname="com.advsdc.group2.model.CourseTest" time="0.009"/>
  <testcase name="getCourseId()" classname="com.advsdc.group2.model.CourseTest" time="0.007"/>
  <system-out><![CDATA[2020-06-04 14:15:38.430  INFO 9572 --- [    Test worker] .b.t.c.SpringBootTestContextBootstrapper : Neither @ContextConfiguration nor @ContextHierarchy found for test class [com.advsdc.group2.model.CourseTest], using SpringBootContextLoader
2020-06-04 14:15:38.433  INFO 9572 --- [    Test worker] o.s.t.c.support.AbstractContextLoader    : Could not detect default resource locations for test class [com.advsdc.group2.model.CourseTest]: no resource found for suffixes {-context.xml, Context.groovy}.
2020-06-04 14:15:38.438  INFO 9572 --- [    Test worker] t.c.s.AnnotationConfigContextLoaderUtils : Could not detect default configuration classes for test class [com.advsdc.group2.model.CourseTest]: CourseTest does not declare any static, non-private, non-final, nested classes annotated with @Configuration.
2020-06-04 14:15:38.441  INFO 9572 --- [    Test worker] .b.t.c.SpringBootTestContextBootstrapper : Found @SpringBootConfiguration com.advsdc.group2.Group2Application for test class com.advsdc.group2.model.CourseTest
2020-06-04 14:15:38.443  INFO 9572 --- [    Test worker] .b.t.c.SpringBootTestContextBootstrapper : Loaded default TestExecutionListener class names from location [META-INF/spring.factories]: [org.springframework.boot.test.autoconfigure.restdocs.RestDocsTestExecutionListener, org.springframework.boot.test.autoconfigure.web.client.MockRestServiceServerResetTestExecutionListener, org.springframework.boot.test.autoconfigure.web.servlet.MockMvcPrintOnlyOnFailureTestExecutionListener, org.springframework.boot.test.autoconfigure.web.servlet.WebDriverTestExecutionListener, org.springframework.boot.test.autoconfigure.webservices.client.MockWebServiceServerTestExecutionListener, org.springframework.boot.test.mock.mockito.MockitoTestExecutionListener, org.springframework.boot.test.mock.mockito.ResetMocksTestExecutionListener, org.springframework.security.test.context.support.WithSecurityContextTestExecutionListener, org.springframework.security.test.context.support.ReactorContextTestExecutionListener, org.springframework.test.context.web.ServletTestExecutionListener, org.springframework.test.context.support.DirtiesContextBeforeModesTestExecutionListener, org.springframework.test.context.support.DependencyInjectionTestExecutionListener, org.springframework.test.context.support.DirtiesContextTestExecutionListener, org.springframework.test.context.transaction.TransactionalTestExecutionListener, org.springframework.test.context.jdbc.SqlScriptsTestExecutionListener, org.springframework.test.context.event.EventPublishingTestExecutionListener]
2020-06-04 14:15:38.446  INFO 9572 --- [    Test worker] .b.t.c.SpringBootTestContextBootstrapper : Using TestExecutionListeners: [org.springframework.test.context.web.ServletTestExecutionListener@2063f029, org.springframework.test.context.support.DirtiesContextBeforeModesTestExecutionListener@a239e50, org.springframework.boot.test.mock.mockito.MockitoTestExecutionListener@7ac60641, org.springframework.boot.test.autoconfigure.SpringBootDependencyInjectionTestExecutionListener@3e883a92, org.springframework.test.context.support.DirtiesContextTestExecutionListener@1d577d2, org.springframework.security.test.context.support.WithSecurityContextTestExecutionListener@1712b8a6, org.springframework.test.context.event.EventPublishingTestExecutionListener@5d2c400b, org.springframework.security.test.context.support.ReactorContextTestExecutionListener@228fad96, org.springframework.boot.test.autoconfigure.restdocs.RestDocsTestExecutionListener@84e25f2, org.springframework.boot.test.autoconfigure.web.client.MockRestServiceServerResetTestExecutionListener@a1b6bd5, org.springframework.boot.test.autoconfigure.web.servlet.MockMvcPrintOnlyOnFailureTestExecutionListener@35885e85, org.springframework.boot.test.autoconfigure.web.servlet.WebDriverTestExecutionListener@6a34b6bf, org.springframework.boot.test.autoconfigure.webservices.client.MockWebServiceServerTestExecutionListener@13ac7fbe, org.springframework.boot.test.mock.mockito.ResetMocksTestExecutionListener@4238fbdd]
]]></system-out>
  <system-err><![CDATA[]]></system-err>
</testsuite>
