<?xml version="1.0" encoding="UTF-8"?>
<testsuite name="com.advsdc.group2.hello.controller.HelloControllerTest" tests="1" skipped="0" failures="0" errors="0" timestamp="2020-06-04T17:15:38" hostname="ADMIN" time="0.006">
  <properties/>
  <testcase name="contextLoads()" classname="com.advsdc.group2.hello.controller.HelloControllerTest" time="0.006"/>
  <system-out><![CDATA[2020-06-04 14:15:38.306  INFO 9572 --- [    Test worker] .b.t.c.SpringBootTestContextBootstrapper : Neither @ContextConfiguration nor @ContextHierarchy found for test class [com.advsdc.group2.hello.controller.HelloControllerTest], using SpringBootContextLoader
2020-06-04 14:15:38.307  INFO 9572 --- [    Test worker] o.s.t.c.support.AbstractContextLoader    : Could not detect default resource locations for test class [com.advsdc.group2.hello.controller.HelloControllerTest]: no resource found for suffixes {-context.xml, Context.groovy}.
2020-06-04 14:15:38.307  INFO 9572 --- [    Test worker] t.c.s.AnnotationConfigContextLoaderUtils : Could not detect default configuration classes for test class [com.advsdc.group2.hello.controller.HelloControllerTest]: HelloControllerTest does not declare any static, non-private, non-final, nested classes annotated with @Configuration.
2020-06-04 14:15:38.322  INFO 9572 --- [    Test worker] .b.t.c.SpringBootTestContextBootstrapper : Found @SpringBootConfiguration com.advsdc.group2.Group2Application for test class com.advsdc.group2.hello.controller.HelloControllerTest
2020-06-04 14:15:38.324  INFO 9572 --- [    Test worker] .b.t.c.SpringBootTestContextBootstrapper : Loaded default TestExecutionListener class names from location [META-INF/spring.factories]: [org.springframework.boot.test.autoconfigure.restdocs.RestDocsTestExecutionListener, org.springframework.boot.test.autoconfigure.web.client.MockRestServiceServerResetTestExecutionListener, org.springframework.boot.test.autoconfigure.web.servlet.MockMvcPrintOnlyOnFailureTestExecutionListener, org.springframework.boot.test.autoconfigure.web.servlet.WebDriverTestExecutionListener, org.springframework.boot.test.autoconfigure.webservices.client.MockWebServiceServerTestExecutionListener, org.springframework.boot.test.mock.mockito.MockitoTestExecutionListener, org.springframework.boot.test.mock.mockito.ResetMocksTestExecutionListener, org.springframework.security.test.context.support.WithSecurityContextTestExecutionListener, org.springframework.security.test.context.support.ReactorContextTestExecutionListener, org.springframework.test.context.web.ServletTestExecutionListener, org.springframework.test.context.support.DirtiesContextBeforeModesTestExecutionListener, org.springframework.test.context.support.DependencyInjectionTestExecutionListener, org.springframework.test.context.support.DirtiesContextTestExecutionListener, org.springframework.test.context.transaction.TransactionalTestExecutionListener, org.springframework.test.context.jdbc.SqlScriptsTestExecutionListener, org.springframework.test.context.event.EventPublishingTestExecutionListener]
2020-06-04 14:15:38.327  INFO 9572 --- [    Test worker] .b.t.c.SpringBootTestContextBootstrapper : Using TestExecutionListeners: [org.springframework.test.context.web.ServletTestExecutionListener@6838703f, org.springframework.test.context.support.DirtiesContextBeforeModesTestExecutionListener@152b6632, org.springframework.boot.test.mock.mockito.MockitoTestExecutionListener@1338e953, org.springframework.boot.test.autoconfigure.SpringBootDependencyInjectionTestExecutionListener@5d8df728, org.springframework.test.context.support.DirtiesContextTestExecutionListener@769fcd2e, org.springframework.security.test.context.support.WithSecurityContextTestExecutionListener@384b3f39, org.springframework.test.context.event.EventPublishingTestExecutionListener@6ced3b12, org.springframework.security.test.context.support.ReactorContextTestExecutionListener@5eeba510, org.springframework.boot.test.autoconfigure.restdocs.RestDocsTestExecutionListener@5615f55e, org.springframework.boot.test.autoconfigure.web.client.MockRestServiceServerResetTestExecutionListener@37c6aa52, org.springframework.boot.test.autoconfigure.web.servlet.MockMvcPrintOnlyOnFailureTestExecutionListener@32762213, org.springframework.boot.test.autoconfigure.web.servlet.WebDriverTestExecutionListener@3136c268, org.springframework.boot.test.autoconfigure.webservices.client.MockWebServiceServerTestExecutionListener@48f06e15, org.springframework.boot.test.mock.mockito.ResetMocksTestExecutionListener@4ae6d963]
]]></system-out>
  <system-err><![CDATA[]]></system-err>
</testsuite>
