<?xml version="1.0" encoding="UTF-8"?>
<testsuite name="com.advsdc.group2.model.UserTest" tests="6" skipped="0" failures="0" errors="0" timestamp="2020-06-04T18:31:06" hostname="ADMIN" time="0.046">
  <properties/>
  <testcase name="isInstructor()" classname="com.advsdc.group2.model.UserTest" time="0.002"/>
  <testcase name="setUserId()" classname="com.advsdc.group2.model.UserTest" time="0.002"/>
  <testcase name="getUserId()" classname="com.advsdc.group2.model.UserTest" time="0.025"/>
  <testcase name="setUserName()" classname="com.advsdc.group2.model.UserTest" time="0.002"/>
  <testcase name="getUserName()" classname="com.advsdc.group2.model.UserTest" time="0.002"/>
  <testcase name="setInstructor()" classname="com.advsdc.group2.model.UserTest" time="0.003"/>
  <system-out><![CDATA[]]></system-out>
  <system-err><![CDATA[]]></system-err>
</testsuite>
