<?xml version="1.0" encoding="UTF-8"?>
<testsuite name="com.advsdc.group2.model.CourseUserMapTest" tests="2" skipped="0" failures="0" errors="0" timestamp="2020-06-04T18:31:06" hostname="ADMIN" time="0.015">
  <properties/>
  <testcase name="setMessage()" classname="com.advsdc.group2.model.CourseUserMapTest" time="0.006"/>
  <testcase name="getMessage()" classname="com.advsdc.group2.model.CourseUserMapTest" time="0.005"/>
  <system-out><![CDATA[2020-06-04 15:31:06.651  INFO 8352 --- [    Test worker] .b.t.c.SpringBootTestContextBootstrapper : Neither @ContextConfiguration nor @ContextHierarchy found for test class [com.advsdc.group2.model.CourseUserMapTest], using SpringBootContextLoader
2020-06-04 15:31:06.654  INFO 8352 --- [    Test worker] o.s.t.c.support.AbstractContextLoader    : Could not detect default resource locations for test class [com.advsdc.group2.model.CourseUserMapTest]: no resource found for suffixes {-context.xml, Context.groovy}.
2020-06-04 15:31:06.654  INFO 8352 --- [    Test worker] t.c.s.AnnotationConfigContextLoaderUtils : Could not detect default configuration classes for test class [com.advsdc.group2.model.CourseUserMapTest]: CourseUserMapTest does not declare any static, non-private, non-final, nested classes annotated with @Configuration.
2020-06-04 15:31:06.656  INFO 8352 --- [    Test worker] .b.t.c.SpringBootTestContextBootstrapper : Found @SpringBootConfiguration com.advsdc.group2.Group2Application for test class com.advsdc.group2.model.CourseUserMapTest
2020-06-04 15:31:06.658  INFO 8352 --- [    Test worker] .b.t.c.SpringBootTestContextBootstrapper : Loaded default TestExecutionListener class names from location [META-INF/spring.factories]: [org.springframework.boot.test.autoconfigure.restdocs.RestDocsTestExecutionListener, org.springframework.boot.test.autoconfigure.web.client.MockRestServiceServerResetTestExecutionListener, org.springframework.boot.test.autoconfigure.web.servlet.MockMvcPrintOnlyOnFailureTestExecutionListener, org.springframework.boot.test.autoconfigure.web.servlet.WebDriverTestExecutionListener, org.springframework.boot.test.autoconfigure.webservices.client.MockWebServiceServerTestExecutionListener, org.springframework.boot.test.mock.mockito.MockitoTestExecutionListener, org.springframework.boot.test.mock.mockito.ResetMocksTestExecutionListener, org.springframework.security.test.context.support.WithSecurityContextTestExecutionListener, org.springframework.security.test.context.support.ReactorContextTestExecutionListener, org.springframework.test.context.web.ServletTestExecutionListener, org.springframework.test.context.support.DirtiesContextBeforeModesTestExecutionListener, org.springframework.test.context.support.DependencyInjectionTestExecutionListener, org.springframework.test.context.support.DirtiesContextTestExecutionListener, org.springframework.test.context.transaction.TransactionalTestExecutionListener, org.springframework.test.context.jdbc.SqlScriptsTestExecutionListener, org.springframework.test.context.event.EventPublishingTestExecutionListener]
2020-06-04 15:31:06.661  INFO 8352 --- [    Test worker] .b.t.c.SpringBootTestContextBootstrapper : Using TestExecutionListeners: [org.springframework.test.context.web.ServletTestExecutionListener@61af5cc8, org.springframework.test.context.support.DirtiesContextBeforeModesTestExecutionListener@72ffe799, org.springframework.boot.test.mock.mockito.MockitoTestExecutionListener@6da9ea03, org.springframework.boot.test.autoconfigure.SpringBootDependencyInjectionTestExecutionListener@1c24a3df, org.springframework.test.context.support.DirtiesContextTestExecutionListener@7f6f58f, org.springframework.security.test.context.support.WithSecurityContextTestExecutionListener@ab809c7, org.springframework.test.context.event.EventPublishingTestExecutionListener@28630361, org.springframework.security.test.context.support.ReactorContextTestExecutionListener@116067e9, org.springframework.boot.test.autoconfigure.restdocs.RestDocsTestExecutionListener@210ab2c7, org.springframework.boot.test.autoconfigure.web.client.MockRestServiceServerResetTestExecutionListener@6b367110, org.springframework.boot.test.autoconfigure.web.servlet.MockMvcPrintOnlyOnFailureTestExecutionListener@5b7e1f1c, org.springframework.boot.test.autoconfigure.web.servlet.WebDriverTestExecutionListener@493374b5, org.springframework.boot.test.autoconfigure.webservices.client.MockWebServiceServerTestExecutionListener@3ddb7bde, org.springframework.boot.test.mock.mockito.ResetMocksTestExecutionListener@653d2384]
]]></system-out>
  <system-err><![CDATA[]]></system-err>
</testsuite>
