<?xml version="1.0" encoding="UTF-8"?>
<testsuite name="com.advsdc.group2.Group2ApplicationTests" tests="1" skipped="0" failures="0" errors="0" timestamp="2020-06-04T17:15:37" hostname="ADMIN" time="0.47">
  <properties/>
  <testcase name="contextLoads()" classname="com.advsdc.group2.Group2ApplicationTests" time="0.47"/>
  <system-out><![CDATA[14:15:34.054 [Test worker] DEBUG org.springframework.test.context.BootstrapUtils - Instantiating CacheAwareContextLoaderDelegate from class [org.springframework.test.context.cache.DefaultCacheAwareContextLoaderDelegate]
14:15:34.075 [Test worker] DEBUG org.springframework.test.context.BootstrapUtils - Instantiating BootstrapContext using constructor [public org.springframework.test.context.support.DefaultBootstrapContext(java.lang.Class,org.springframework.test.context.CacheAwareContextLoaderDelegate)]
14:15:34.107 [Test worker] DEBUG org.springframework.test.context.BootstrapUtils - Instantiating TestContextBootstrapper for test class [com.advsdc.group2.Group2ApplicationTests] from class [org.springframework.boot.test.context.SpringBootTestContextBootstrapper]
14:15:34.127 [Test worker] INFO org.springframework.boot.test.context.SpringBootTestContextBootstrapper - Neither @ContextConfiguration nor @ContextHierarchy found for test class [com.advsdc.group2.Group2ApplicationTests], using SpringBootContextLoader
14:15:34.135 [Test worker] DEBUG org.springframework.test.context.support.AbstractContextLoader - Did not detect default resource location for test class [com.advsdc.group2.Group2ApplicationTests]: class path resource [com/advsdc/group2/Group2ApplicationTests-context.xml] does not exist
14:15:34.137 [Test worker] DEBUG org.springframework.test.context.support.AbstractContextLoader - Did not detect default resource location for test class [com.advsdc.group2.Group2ApplicationTests]: class path resource [com/advsdc/group2/Group2ApplicationTestsContext.groovy] does not exist
14:15:34.139 [Test worker] INFO org.springframework.test.context.support.AbstractContextLoader - Could not detect default resource locations for test class [com.advsdc.group2.Group2ApplicationTests]: no resource found for suffixes {-context.xml, Context.groovy}.
14:15:34.140 [Test worker] INFO org.springframework.test.context.support.AnnotationConfigContextLoaderUtils - Could not detect default configuration classes for test class [com.advsdc.group2.Group2ApplicationTests]: Group2ApplicationTests does not declare any static, non-private, non-final, nested classes annotated with @Configuration.
14:15:34.210 [Test worker] DEBUG org.springframework.test.context.support.ActiveProfilesUtils - Could not find an 'annotation declaring class' for annotation type [org.springframework.test.context.ActiveProfiles] and class [com.advsdc.group2.Group2ApplicationTests]
14:15:34.333 [Test worker] DEBUG org.springframework.context.annotation.ClassPathScanningCandidateComponentProvider - Identified candidate component class: file [D:\UniversityMaterial\Summer_2020\Adv_SDC_CSCI5308\Project\MileStone_1\code\group2\build\classes\java\main\com\advsdc\group2\Group2Application.class]
14:15:34.335 [Test worker] INFO org.springframework.boot.test.context.SpringBootTestContextBootstrapper - Found @SpringBootConfiguration com.advsdc.group2.Group2Application for test class com.advsdc.group2.Group2ApplicationTests
14:15:34.468 [Test worker] DEBUG org.springframework.boot.test.context.SpringBootTestContextBootstrapper - @TestExecutionListeners is not present for class [com.advsdc.group2.Group2ApplicationTests]: using defaults.
14:15:34.471 [Test worker] INFO org.springframework.boot.test.context.SpringBootTestContextBootstrapper - Loaded default TestExecutionListener class names from location [META-INF/spring.factories]: [org.springframework.boot.test.autoconfigure.restdocs.RestDocsTestExecutionListener, org.springframework.boot.test.autoconfigure.web.client.MockRestServiceServerResetTestExecutionListener, org.springframework.boot.test.autoconfigure.web.servlet.MockMvcPrintOnlyOnFailureTestExecutionListener, org.springframework.boot.test.autoconfigure.web.servlet.WebDriverTestExecutionListener, org.springframework.boot.test.autoconfigure.webservices.client.MockWebServiceServerTestExecutionListener, org.springframework.boot.test.mock.mockito.MockitoTestExecutionListener, org.springframework.boot.test.mock.mockito.ResetMocksTestExecutionListener, org.springframework.security.test.context.support.WithSecurityContextTestExecutionListener, org.springframework.security.test.context.support.ReactorContextTestExecutionListener, org.springframework.test.context.web.ServletTestExecutionListener, org.springframework.test.context.support.DirtiesContextBeforeModesTestExecutionListener, org.springframework.test.context.support.DependencyInjectionTestExecutionListener, org.springframework.test.context.support.DirtiesContextTestExecutionListener, org.springframework.test.context.transaction.TransactionalTestExecutionListener, org.springframework.test.context.jdbc.SqlScriptsTestExecutionListener, org.springframework.test.context.event.EventPublishingTestExecutionListener]
14:15:34.492 [Test worker] DEBUG org.springframework.boot.test.context.SpringBootTestContextBootstrapper - Skipping candidate TestExecutionListener [org.springframework.test.context.transaction.TransactionalTestExecutionListener] due to a missing dependency. Specify custom listener classes or make the default listener classes and their required dependencies available. Offending class: [org/springframework/transaction/interceptor/TransactionAttributeSource]
14:15:34.493 [Test worker] DEBUG org.springframework.boot.test.context.SpringBootTestContextBootstrapper - Skipping candidate TestExecutionListener [org.springframework.test.context.jdbc.SqlScriptsTestExecutionListener] due to a missing dependency. Specify custom listener classes or make the default listener classes and their required dependencies available. Offending class: [org/springframework/transaction/interceptor/TransactionAttribute]
14:15:34.494 [Test worker] INFO org.springframework.boot.test.context.SpringBootTestContextBootstrapper - Using TestExecutionListeners: [org.springframework.test.context.web.ServletTestExecutionListener@7d924ef5, org.springframework.test.context.support.DirtiesContextBeforeModesTestExecutionListener@12fa8473, org.springframework.boot.test.mock.mockito.MockitoTestExecutionListener@65927218, org.springframework.boot.test.autoconfigure.SpringBootDependencyInjectionTestExecutionListener@49eb7bef, org.springframework.test.context.support.DirtiesContextTestExecutionListener@266171c1, org.springframework.security.test.context.support.WithSecurityContextTestExecutionListener@607eb062, org.springframework.test.context.event.EventPublishingTestExecutionListener@160a1cc7, org.springframework.security.test.context.support.ReactorContextTestExecutionListener@42c39ea, org.springframework.boot.test.autoconfigure.restdocs.RestDocsTestExecutionListener@29eebfd7, org.springframework.boot.test.autoconfigure.web.client.MockRestServiceServerResetTestExecutionListener@3c06f728, org.springframework.boot.test.autoconfigure.web.servlet.MockMvcPrintOnlyOnFailureTestExecutionListener@7a2c284b, org.springframework.boot.test.autoconfigure.web.servlet.WebDriverTestExecutionListener@1f2aad8d, org.springframework.boot.test.autoconfigure.webservices.client.MockWebServiceServerTestExecutionListener@43e6a9b8, org.springframework.boot.test.mock.mockito.ResetMocksTestExecutionListener@48d2a95b]
14:15:34.500 [Test worker] DEBUG org.springframework.test.context.support.AbstractDirtiesContextTestExecutionListener - Before test class: context [DefaultTestContext@45feb1f3 testClass = Group2ApplicationTests, testInstance = [null], testMethod = [null], testException = [null], mergedContextConfiguration = [WebMergedContextConfiguration@339dbbc testClass = Group2ApplicationTests, locations = '{}', classes = '{class com.advsdc.group2.Group2Application}', contextInitializerClasses = '[]', activeProfiles = '{}', propertySourceLocations = '{}', propertySourceProperties = '{org.springframework.boot.test.context.SpringBootTestContextBootstrapper=true}', contextCustomizers = set[org.springframework.boot.test.autoconfigure.properties.PropertyMappingContextCustomizer@0, org.springframework.boot.test.autoconfigure.web.servlet.WebDriverContextCustomizerFactory$Customizer@51c8ba15, org.springframework.boot.test.context.filter.ExcludeFilterContextCustomizer@758925f6, org.springframework.boot.test.json.DuplicateJsonObjectContextCustomizerFactory$DuplicateJsonObjectContextCustomizer@5d1eee71, org.springframework.boot.test.mock.mockito.MockitoContextCustomizer@0, org.springframework.boot.test.web.client.TestRestTemplateContextCustomizer@16d957c7, org.springframework.boot.test.context.SpringBootTestArgs@1], resourceBasePath = 'src/main/webapp', contextLoader = 'org.springframework.boot.test.context.SpringBootContextLoader', parent = [null]], attributes = map['org.springframework.test.context.web.ServletTestExecutionListener.activateListener' -> true]], class annotated with @DirtiesContext [false] with mode [null].
14:15:34.551 [Test worker] DEBUG org.springframework.test.context.support.TestPropertySourceUtils - Adding inlined properties to environment: {spring.jmx.enabled=false, org.springframework.boot.test.context.SpringBootTestContextBootstrapper=true}

  .   ____          _            __ _ _
 /\\ / ___'_ __ _ _(_)_ __  __ _ \ \ \ \
( ( )\___ | '_ | '_| | '_ \/ _` | \ \ \ \
 \\/  ___)| |_)| | | | | || (_| |  ) ) ) )
  '  |____| .__|_| |_|_| |_\__, | / / / /
 =========|_|==============|___/=/_/_/_/
 :: Spring Boot ::        (v2.3.0.RELEASE)

2020-06-04 14:15:35.158  INFO 9572 --- [    Test worker] c.advsdc.group2.Group2ApplicationTests   : Starting Group2ApplicationTests on Admin with PID 9572 (started by DELL in D:\UniversityMaterial\Summer_2020\Adv_SDC_CSCI5308\Project\MileStone_1\code\group2)
2020-06-04 14:15:35.160  INFO 9572 --- [    Test worker] c.advsdc.group2.Group2ApplicationTests   : No active profile set, falling back to default profiles: default
2020-06-04 14:15:37.276  INFO 9572 --- [    Test worker] o.s.s.concurrent.ThreadPoolTaskExecutor  : Initializing ExecutorService 'applicationTaskExecutor'
2020-06-04 14:15:37.418  INFO 9572 --- [    Test worker] o.s.b.a.w.s.WelcomePageHandlerMapping    : Adding welcome page template: index
2020-06-04 14:15:37.804  INFO 9572 --- [    Test worker] c.advsdc.group2.Group2ApplicationTests   : Started Group2ApplicationTests in 3.24 seconds (JVM running for 5.383)
]]></system-out>
  <system-err><![CDATA[]]></system-err>
</testsuite>
