<?xml version="1.0" encoding="UTF-8"?>
<testsuite name="com.advsdc.group2.model.CourseTest" tests="6" skipped="0" failures="0" errors="0" timestamp="2020-06-04T18:31:06" hostname="ADMIN" time="0.046">
  <properties/>
  <testcase name="getCourseName()" classname="com.advsdc.group2.model.CourseTest" time="0.005"/>
  <testcase name="setCourseName()" classname="com.advsdc.group2.model.CourseTest" time="0.004"/>
  <testcase name="setCourseDescription()" classname="com.advsdc.group2.model.CourseTest" time="0.009"/>
  <testcase name="getCourseDescription()" classname="com.advsdc.group2.model.CourseTest" time="0.005"/>
  <testcase name="setCourseId()" classname="com.advsdc.group2.model.CourseTest" time="0.007"/>
  <testcase name="getCourseId()" classname="com.advsdc.group2.model.CourseTest" time="0.006"/>
  <system-out><![CDATA[2020-06-04 15:31:06.551  INFO 8352 --- [    Test worker] .b.t.c.SpringBootTestContextBootstrapper : Neither @ContextConfiguration nor @ContextHierarchy found for test class [com.advsdc.group2.model.CourseTest], using SpringBootContextLoader
2020-06-04 15:31:06.555  INFO 8352 --- [    Test worker] o.s.t.c.support.AbstractContextLoader    : Could not detect default resource locations for test class [com.advsdc.group2.model.CourseTest]: no resource found for suffixes {-context.xml, Context.groovy}.
2020-06-04 15:31:06.556  INFO 8352 --- [    Test worker] t.c.s.AnnotationConfigContextLoaderUtils : Could not detect default configuration classes for test class [com.advsdc.group2.model.CourseTest]: CourseTest does not declare any static, non-private, non-final, nested classes annotated with @Configuration.
2020-06-04 15:31:06.585  INFO 8352 --- [    Test worker] .b.t.c.SpringBootTestContextBootstrapper : Found @SpringBootConfiguration com.advsdc.group2.Group2Application for test class com.advsdc.group2.model.CourseTest
2020-06-04 15:31:06.589  INFO 8352 --- [    Test worker] .b.t.c.SpringBootTestContextBootstrapper : Loaded default TestExecutionListener class names from location [META-INF/spring.factories]: [org.springframework.boot.test.autoconfigure.restdocs.RestDocsTestExecutionListener, org.springframework.boot.test.autoconfigure.web.client.MockRestServiceServerResetTestExecutionListener, org.springframework.boot.test.autoconfigure.web.servlet.MockMvcPrintOnlyOnFailureTestExecutionListener, org.springframework.boot.test.autoconfigure.web.servlet.WebDriverTestExecutionListener, org.springframework.boot.test.autoconfigure.webservices.client.MockWebServiceServerTestExecutionListener, org.springframework.boot.test.mock.mockito.MockitoTestExecutionListener, org.springframework.boot.test.mock.mockito.ResetMocksTestExecutionListener, org.springframework.security.test.context.support.WithSecurityContextTestExecutionListener, org.springframework.security.test.context.support.ReactorContextTestExecutionListener, org.springframework.test.context.web.ServletTestExecutionListener, org.springframework.test.context.support.DirtiesContextBeforeModesTestExecutionListener, org.springframework.test.context.support.DependencyInjectionTestExecutionListener, org.springframework.test.context.support.DirtiesContextTestExecutionListener, org.springframework.test.context.transaction.TransactionalTestExecutionListener, org.springframework.test.context.jdbc.SqlScriptsTestExecutionListener, org.springframework.test.context.event.EventPublishingTestExecutionListener]
2020-06-04 15:31:06.592  INFO 8352 --- [    Test worker] .b.t.c.SpringBootTestContextBootstrapper : Using TestExecutionListeners: [org.springframework.test.context.web.ServletTestExecutionListener@4af76223, org.springframework.test.context.support.DirtiesContextBeforeModesTestExecutionListener@6aec8b96, org.springframework.boot.test.mock.mockito.MockitoTestExecutionListener@636e03d6, org.springframework.boot.test.autoconfigure.SpringBootDependencyInjectionTestExecutionListener@12d48875, org.springframework.test.context.support.DirtiesContextTestExecutionListener@63c31676, org.springframework.security.test.context.support.WithSecurityContextTestExecutionListener@6dfd81a3, org.springframework.test.context.event.EventPublishingTestExecutionListener@7e1e4f79, org.springframework.security.test.context.support.ReactorContextTestExecutionListener@483fe7ef, org.springframework.boot.test.autoconfigure.restdocs.RestDocsTestExecutionListener@33b43838, org.springframework.boot.test.autoconfigure.web.client.MockRestServiceServerResetTestExecutionListener@32c54774, org.springframework.boot.test.autoconfigure.web.servlet.MockMvcPrintOnlyOnFailureTestExecutionListener@3eaca3d2, org.springframework.boot.test.autoconfigure.web.servlet.WebDriverTestExecutionListener@91b3b77, org.springframework.boot.test.autoconfigure.webservices.client.MockWebServiceServerTestExecutionListener@1b7ca794, org.springframework.boot.test.mock.mockito.ResetMocksTestExecutionListener@39aad68]
]]></system-out>
  <system-err><![CDATA[]]></system-err>
</testsuite>
