<?xml version="1.0" encoding="UTF-8"?>
<testsuite name="com.advsdc.group2.hello.controller.HelloControllerTest" tests="1" skipped="0" failures="0" errors="0" timestamp="2020-06-04T18:31:01" hostname="ADMIN" time="0.007">
  <properties/>
  <testcase name="contextLoads()" classname="com.advsdc.group2.hello.controller.HelloControllerTest" time="0.007"/>
  <system-out><![CDATA[2020-06-04 15:31:01.611  INFO 8352 --- [    Test worker] .b.t.c.SpringBootTestContextBootstrapper : Neither @ContextConfiguration nor @ContextHierarchy found for test class [com.advsdc.group2.hello.controller.HelloControllerTest], using SpringBootContextLoader
2020-06-04 15:31:01.614  INFO 8352 --- [    Test worker] o.s.t.c.support.AbstractContextLoader    : Could not detect default resource locations for test class [com.advsdc.group2.hello.controller.HelloControllerTest]: no resource found for suffixes {-context.xml, Context.groovy}.
2020-06-04 15:31:01.615  INFO 8352 --- [    Test worker] t.c.s.AnnotationConfigContextLoaderUtils : Could not detect default configuration classes for test class [com.advsdc.group2.hello.controller.HelloControllerTest]: HelloControllerTest does not declare any static, non-private, non-final, nested classes annotated with @Configuration.
2020-06-04 15:31:01.645  INFO 8352 --- [    Test worker] .b.t.c.SpringBootTestContextBootstrapper : Found @SpringBootConfiguration com.advsdc.group2.Group2Application for test class com.advsdc.group2.hello.controller.HelloControllerTest
2020-06-04 15:31:01.649  INFO 8352 --- [    Test worker] .b.t.c.SpringBootTestContextBootstrapper : Loaded default TestExecutionListener class names from location [META-INF/spring.factories]: [org.springframework.boot.test.autoconfigure.restdocs.RestDocsTestExecutionListener, org.springframework.boot.test.autoconfigure.web.client.MockRestServiceServerResetTestExecutionListener, org.springframework.boot.test.autoconfigure.web.servlet.MockMvcPrintOnlyOnFailureTestExecutionListener, org.springframework.boot.test.autoconfigure.web.servlet.WebDriverTestExecutionListener, org.springframework.boot.test.autoconfigure.webservices.client.MockWebServiceServerTestExecutionListener, org.springframework.boot.test.mock.mockito.MockitoTestExecutionListener, org.springframework.boot.test.mock.mockito.ResetMocksTestExecutionListener, org.springframework.security.test.context.support.WithSecurityContextTestExecutionListener, org.springframework.security.test.context.support.ReactorContextTestExecutionListener, org.springframework.test.context.web.ServletTestExecutionListener, org.springframework.test.context.support.DirtiesContextBeforeModesTestExecutionListener, org.springframework.test.context.support.DependencyInjectionTestExecutionListener, org.springframework.test.context.support.DirtiesContextTestExecutionListener, org.springframework.test.context.transaction.TransactionalTestExecutionListener, org.springframework.test.context.jdbc.SqlScriptsTestExecutionListener, org.springframework.test.context.event.EventPublishingTestExecutionListener]
2020-06-04 15:31:01.656  INFO 8352 --- [    Test worker] .b.t.c.SpringBootTestContextBootstrapper : Using TestExecutionListeners: [org.springframework.test.context.web.ServletTestExecutionListener@3ee8af8d, org.springframework.test.context.support.DirtiesContextBeforeModesTestExecutionListener@49ddded9, org.springframework.boot.test.mock.mockito.MockitoTestExecutionListener@668e5c54, org.springframework.boot.test.autoconfigure.SpringBootDependencyInjectionTestExecutionListener@60e422c, org.springframework.test.context.support.DirtiesContextTestExecutionListener@7de101a7, org.springframework.security.test.context.support.WithSecurityContextTestExecutionListener@5a6d23d4, org.springframework.test.context.event.EventPublishingTestExecutionListener@4e95b831, org.springframework.security.test.context.support.ReactorContextTestExecutionListener@3a7e9ced, org.springframework.boot.test.autoconfigure.restdocs.RestDocsTestExecutionListener@4f674e3c, org.springframework.boot.test.autoconfigure.web.client.MockRestServiceServerResetTestExecutionListener@7c27a787, org.springframework.boot.test.autoconfigure.web.servlet.MockMvcPrintOnlyOnFailureTestExecutionListener@1f10dc02, org.springframework.boot.test.autoconfigure.web.servlet.WebDriverTestExecutionListener@5147a2f9, org.springframework.boot.test.autoconfigure.webservices.client.MockWebServiceServerTestExecutionListener@24a41043, org.springframework.boot.test.mock.mockito.ResetMocksTestExecutionListener@657e80cf]
]]></system-out>
  <system-err><![CDATA[]]></system-err>
</testsuite>
